commit ba2871eea5385f8f5f883b1f55322309dc7117a0
Author: RykoLS <johnny.lu@utexas.edu>
Date:   Thu Feb 2 08:36:14 2017 -0600

    Meta cache added with functionality

commit f49b0420df377210069fedf6d8b55255cb3ac751
Merge: b88f266 970164a
Author: RykoLS <johnny.lu@utexas.edu>
Date:   Wed Feb 1 17:24:52 2017 -0600

    Merge branch 'master' into dev

commit b88f2664d5506564c63704838f6d4d67d6d3e7b5
Author: RykoLS <johnny.lu@utexas.edu>
Date:   Wed Feb 1 17:22:16 2017 -0600

    Added dictionary to be used as a lazy cache

commit 970164ac11ea8810cc74ba9331e89e4934704234
Merge: 551feef f080681
Author: RykoLS <johnny.lu@utexas.edu>
Date:   Wed Feb 1 12:42:46 2017 -0600

    Merge branch 'dev'

commit f080681a54aac6102ccc3f01c62b11369c1e9665
Author: RykoLS <johnny.lu@utexas.edu>
Date:   Wed Feb 1 12:40:12 2017 -0600

    First and simplest solution to the Collatz problem

commit e8cc93831c77e8d0bc11cb9f721b48e212060193
Author: RykoLS <johnny.lu@utexas.edu>
Date:   Fri Jan 27 10:47:05 2017 -0600

    Adding code from Downing's public repo to my own private repo

commit 551feef1ad25be437cb85d06b5141f88ec4531ac
Author: Johnny Lu <johnny.lu@utexas.edu>
Date:   Fri Jan 27 07:53:21 2017 -0600

    Initial commit
