3732423
2298025
3732423
3542887
511935
1126015
3064033
230631
2298025
1126015
626331
3732423
626331
1126015
2298025
1564063
2298025
3542887
2298025
3064033
230631
3064033
837799
2298025
3064033
3732423
3732423
3732423
1126015
1723519
106239
3064033
3064033
837799
3732423
3732423
3732423
230631
1126015
1723519
3732423
2298025
2298025
1126015
2298025
2298025
626331
3064033
1126015
230631
1126015
1126015
837799
1126015
3732423
230631
230631
2298025
410011
2298025
3064033
3732423
1723519
1126015
3064033
3732423
2298025
1126015
1126015
3542887
3732423
3064033
1723519
3732423
3732423
3732423
626331
1501353
3064033
837799
230631
1723519
837799
3732423
2298025
1126015
626331
410011
3064033
3732423
3732423
1564063
3732423
1564063
1501353
3732423
3732423
3064033
511935
2298025
837799